<?xml version="1.0" encoding="UTF-8"?>
<!-- Generated by org.testng.reporters.JUnitXMLReporter -->
<testsuite ignored="1" hostname="WINDOWS-J0ACLPE" failures="0" tests="2" name="CarLoan" time="0.05" errors="0" timestamp="2024-05-04T18:45:23 IST">
  <testcase classname="TestNg.day_3" name="WebLoginCar" time="0.004"/>
  <testcase classname="TestNg.day_3" name="print_2" time="0.005"/>
  <testcase classname="TestNg.day_3" name="MobileLoginCar" time="0.0">
    <ignored/>
  </testcase> <!-- MobileLoginCar -->
</testsuite> <!-- CarLoan -->
