<?xml version="1.0" encoding="UTF-8"?>
<!-- Generated by org.testng.reporters.JUnitXMLReporter -->
<testsuite ignored="0" hostname="WINDOWS-J0ACLPE" failures="1" tests="7" name="Test" time="0.196" errors="0" timestamp="2024-05-04T18:45:23 IST">
  <testcase classname="TestNg.day_1" name="demo" time="0.021">
    <failure type="java.lang.AssertionError" message="expected [true] but found [false]">
      <![CDATA[java.lang.AssertionError: expected [true] but found [false]
at TestNg.day_1.demo(day_1.java:11)
at java.base/java.util.ArrayList.forEach(ArrayList.java:1596)
... Removed 29 stack frames]]>
    </failure>
  </testcase> <!-- demo -->
  <testcase classname="TestNg.day_1" name="secondTest" time="0.007"/>
  <testcase classname="TestNg.day_2" name="print" time="0.003"/>
  <testcase classname="TestNg.day_2" name="print_1" time="0.006"/>
  <testcase classname="TestNg.day_4" name="MobileLoginHomeCar" time="0.004"/>
  <testcase classname="TestNg.day_4" name="WebLoginHomeCar" time="0.003"/>
  <testcase classname="TestNg.day_4" name="print_3" time="0.008"/>
</testsuite> <!-- Test -->
