<?xml version="1.0" encoding="UTF-8"?>
<!-- Generated by org.testng.reporters.JUnitXMLReporter -->
<testsuite ignored="6" hostname="WINDOWS-J0ACLPE" failures="0" tests="3" name="my tests" time="0.075" errors="0" timestamp="2024-02-03T13:21:26 IST">
  <testcase classname="TestNg.Grouping" name="loginByFacebook" time="0.015"/>
  <testcase classname="TestNg.Grouping" name="loginByTwitter" time="0.002"/>
  <testcase classname="TestNg.Grouping" name="paymentInDollar" time="0.004"/>
  <testcase classname="TestNg.Grouping" name="signUpByFacebook" time="0.0">
    <ignored/>
  </testcase> <!-- signUpByFacebook -->
  <testcase classname="TestNg.Grouping" name="paymentInRupees" time="0.0">
    <ignored/>
  </testcase> <!-- paymentInRupees -->
  <testcase classname="TestNg.Grouping" name="signUpByTwitter" time="0.0">
    <ignored/>
  </testcase> <!-- signUpByTwitter -->
  <testcase classname="TestNg.Grouping" name="paymentInBank" time="0.0">
    <ignored/>
  </testcase> <!-- paymentInBank -->
  <testcase classname="TestNg.Grouping" name="signUpByEmail" time="0.0">
    <ignored/>
  </testcase> <!-- signUpByEmail -->
  <testcase classname="TestNg.Grouping" name="loginByEmail" time="0.0">
    <ignored/>
  </testcase> <!-- loginByEmail -->
</testsuite> <!-- my tests -->
