<?xml version="1.0" encoding="UTF-8"?>
<testng-results ignored="1" total="10" passed="8" failed="1" skipped="0">
  <reporter-output>
  </reporter-output>
  <suite started-at="2024-05-04T18:45:22 IST" name="Suite" finished-at="2024-05-04T18:45:23 IST" duration-ms="484">
    <groups>
      <group name="Smoke">
        <method signature="day_2.print_1()[pri:0, instance:TestNg.day_2@54e1c68b]" name="print_1" class="TestNg.day_2"/>
        <method signature="day_4.print_3()[pri:0, instance:TestNg.day_4@53aac487]" name="print_3" class="TestNg.day_4"/>
        <method signature="day_3.print_2()[pri:0, instance:TestNg.day_3@74ea2410]" name="print_2" class="TestNg.day_3"/>
      </group> <!-- Smoke -->
    </groups>
    <test started-at="2024-05-04T18:45:22 IST" name="Test" finished-at="2024-05-04T18:45:23 IST" duration-ms="196">
      <class name="TestNg.day_1">
        <test-method signature="demo()[pri:0, instance:TestNg.day_1@593aaf41]" started-at="2024-05-04T18:45:22 IST" name="demo" finished-at="2024-05-04T18:45:23 IST" duration-ms="21" status="FAIL">
          <exception class="java.lang.AssertionError">
            <message>
              <![CDATA[expected [true] but found [false]]]>
            </message>
            <full-stacktrace>
              <![CDATA[java.lang.AssertionError: expected [true] but found [false]
at org.testng.Assert.fail(Assert.java:99)
at org.testng.Assert.failNotEquals(Assert.java:1037)
at org.testng.Assert.assertTrue(Assert.java:45)
at org.testng.Assert.assertTrue(Assert.java:55)
at TestNg.day_1.demo(day_1.java:11)
at java.base/jdk.internal.reflect.DirectMethodHandleAccessor.invoke(DirectMethodHandleAccessor.java:103)
at java.base/java.lang.reflect.Method.invoke(Method.java:580)
at org.testng.internal.MethodInvocationHelper.invokeMethod(MethodInvocationHelper.java:133)
at org.testng.internal.TestInvoker.invokeMethod(TestInvoker.java:598)
at org.testng.internal.TestInvoker.invokeTestMethod(TestInvoker.java:173)
at org.testng.internal.MethodRunner.runInSequence(MethodRunner.java:46)
at org.testng.internal.TestInvoker$MethodInvocationAgent.invoke(TestInvoker.java:824)
at org.testng.internal.TestInvoker.invokeTestMethods(TestInvoker.java:146)
at org.testng.internal.TestMethodWorker.invokeTestMethods(TestMethodWorker.java:146)
at org.testng.internal.TestMethodWorker.run(TestMethodWorker.java:128)
at java.base/java.util.ArrayList.forEach(ArrayList.java:1596)
at org.testng.TestRunner.privateRun(TestRunner.java:794)
at org.testng.TestRunner.run(TestRunner.java:596)
at org.testng.SuiteRunner.runTest(SuiteRunner.java:377)
at org.testng.SuiteRunner.runSequentially(SuiteRunner.java:371)
at org.testng.SuiteRunner.privateRun(SuiteRunner.java:332)
at org.testng.SuiteRunner.run(SuiteRunner.java:276)
at org.testng.SuiteRunnerWorker.runSuite(SuiteRunnerWorker.java:53)
at org.testng.SuiteRunnerWorker.run(SuiteRunnerWorker.java:96)
at org.testng.TestNG.runSuitesSequentially(TestNG.java:1212)
at org.testng.TestNG.runSuitesLocally(TestNG.java:1134)
at org.testng.TestNG.runSuites(TestNG.java:1063)
at org.testng.TestNG.run(TestNG.java:1031)
at org.testng.remote.AbstractRemoteTestNG.run(AbstractRemoteTestNG.java:115)
at org.testng.remote.RemoteTestNG.initAndRun(RemoteTestNG.java:251)
at org.testng.remote.RemoteTestNG.main(RemoteTestNG.java:77)
]]>
            </full-stacktrace>
          </exception> <!-- java.lang.AssertionError -->
          <reporter-output>
          </reporter-output>
        </test-method> <!-- demo -->
        <test-method signature="secondTest()[pri:0, instance:TestNg.day_1@593aaf41]" started-at="2024-05-04T18:45:23 IST" name="secondTest" finished-at="2024-05-04T18:45:23 IST" duration-ms="7" status="PASS">
          <reporter-output>
          </reporter-output>
        </test-method> <!-- secondTest -->
      </class> <!-- TestNg.day_1 -->
      <class name="TestNg.day_2">
        <test-method is-config="true" signature="prerequisite()[pri:0, instance:TestNg.day_2@54e1c68b]" started-at="2024-05-04T18:45:22 IST" name="prerequisite" finished-at="2024-05-04T18:45:22 IST" duration-ms="17" status="PASS">
          <reporter-output>
          </reporter-output>
        </test-method> <!-- prerequisite -->
        <test-method signature="print()[pri:0, instance:TestNg.day_2@54e1c68b]" started-at="2024-05-04T18:45:23 IST" name="print" finished-at="2024-05-04T18:45:23 IST" duration-ms="3" status="PASS">
          <reporter-output>
          </reporter-output>
        </test-method> <!-- print -->
        <test-method signature="print_1()[pri:0, instance:TestNg.day_2@54e1c68b]" started-at="2024-05-04T18:45:23 IST" name="print_1" finished-at="2024-05-04T18:45:23 IST" duration-ms="6" status="PASS">
          <reporter-output>
          </reporter-output>
        </test-method> <!-- print_1 -->
        <test-method is-config="true" signature="prerequisite_1()[pri:0, instance:TestNg.day_2@54e1c68b]" started-at="2024-05-04T18:45:23 IST" name="prerequisite_1" finished-at="2024-05-04T18:45:23 IST" duration-ms="1" status="PASS">
          <reporter-output>
          </reporter-output>
        </test-method> <!-- prerequisite_1 -->
      </class> <!-- TestNg.day_2 -->
      <class name="TestNg.day_4">
        <test-method is-config="true" signature="MobileLoginHomeCar_1()[pri:0, instance:TestNg.day_4@53aac487]" started-at="2024-05-04T18:45:23 IST" name="MobileLoginHomeCar_1" finished-at="2024-05-04T18:45:23 IST" duration-ms="1" status="PASS">
          <reporter-output>
          </reporter-output>
        </test-method> <!-- MobileLoginHomeCar_1 -->
        <test-method signature="MobileLoginHomeCar()[pri:0, instance:TestNg.day_4@53aac487]" started-at="2024-05-04T18:45:23 IST" name="MobileLoginHomeCar" finished-at="2024-05-04T18:45:23 IST" duration-ms="4" status="PASS">
          <reporter-output>
          </reporter-output>
        </test-method> <!-- MobileLoginHomeCar -->
        <test-method signature="WebLoginHomeCar()[pri:0, instance:TestNg.day_4@53aac487]" started-at="2024-05-04T18:45:23 IST" name="WebLoginHomeCar" finished-at="2024-05-04T18:45:23 IST" duration-ms="3" status="PASS">
          <reporter-output>
          </reporter-output>
        </test-method> <!-- WebLoginHomeCar -->
        <test-method signature="print_3()[pri:0, instance:TestNg.day_4@53aac487]" started-at="2024-05-04T18:45:23 IST" name="print_3" finished-at="2024-05-04T18:45:23 IST" duration-ms="8" status="PASS">
          <reporter-output>
          </reporter-output>
        </test-method> <!-- print_3 -->
        <test-method is-config="true" signature="MobileLoginHomeCar_2()[pri:0, instance:TestNg.day_4@53aac487]" started-at="2024-05-04T18:45:23 IST" name="MobileLoginHomeCar_2" finished-at="2024-05-04T18:45:23 IST" duration-ms="6" status="PASS">
          <reporter-output>
          </reporter-output>
        </test-method> <!-- MobileLoginHomeCar_2 -->
      </class> <!-- TestNg.day_4 -->
    </test> <!-- Test -->
    <test started-at="2024-05-04T18:45:23 IST" name="CarLoan" finished-at="2024-05-04T18:45:23 IST" duration-ms="50">
      <class name="TestNg.day_3">
        <test-method is-config="true" signature="MobileLoginCar_1()[pri:0, instance:TestNg.day_3@74ea2410]" started-at="2024-05-04T18:45:23 IST" name="MobileLoginCar_1" finished-at="2024-05-04T18:45:23 IST" duration-ms="1" status="PASS">
          <reporter-output>
          </reporter-output>
        </test-method> <!-- MobileLoginCar_1 -->
        <test-method signature="WebLoginCar(java.lang.String)[pri:0, instance:TestNg.day_3@74ea2410]" started-at="2024-05-04T18:45:23 IST" name="WebLoginCar" finished-at="2024-05-04T18:45:23 IST" duration-ms="4" status="PASS">
          <params>
            <param index="0">
              <value>
                <![CDATA[qaclickacademy.com]]>
              </value>
            </param>
          </params>
          <reporter-output>
          </reporter-output>
        </test-method> <!-- WebLoginCar -->
        <test-method is-config="true" signature="MobileLoginCar_2()[pri:0, instance:TestNg.day_3@74ea2410]" started-at="2024-05-04T18:45:23 IST" name="MobileLoginCar_2" finished-at="2024-05-04T18:45:23 IST" duration-ms="2" status="PASS">
          <reporter-output>
          </reporter-output>
        </test-method> <!-- MobileLoginCar_2 -->
        <test-method is-config="true" signature="MobileLoginCar_1()[pri:0, instance:TestNg.day_3@74ea2410]" started-at="2024-05-04T18:45:23 IST" name="MobileLoginCar_1" finished-at="2024-05-04T18:45:23 IST" duration-ms="1" status="PASS">
          <reporter-output>
          </reporter-output>
        </test-method> <!-- MobileLoginCar_1 -->
        <test-method signature="print_2()[pri:0, instance:TestNg.day_3@74ea2410]" started-at="2024-05-04T18:45:23 IST" name="print_2" finished-at="2024-05-04T18:45:23 IST" duration-ms="5" status="PASS">
          <reporter-output>
          </reporter-output>
        </test-method> <!-- print_2 -->
        <test-method is-config="true" signature="MobileLoginCar_2()[pri:0, instance:TestNg.day_3@74ea2410]" started-at="2024-05-04T18:45:23 IST" name="MobileLoginCar_2" finished-at="2024-05-04T18:45:23 IST" duration-ms="4" status="PASS">
          <reporter-output>
          </reporter-output>
        </test-method> <!-- MobileLoginCar_2 -->
      </class> <!-- TestNg.day_3 -->
    </test> <!-- CarLoan -->
  </suite> <!-- Suite -->
</testng-results>
